# JRE version: Java(TM) SE Runtime Environment (14.0.1+7) (build 14.0.1+7)
# Java VM: Java HotSpot(TM) 64-Bit Server VM (14.0.1+7, mixed mode, sharing, tiered, compressed oops, g1 gc, windows-amd64)
Heap:
 garbage-first heap   total 329728K, used 166268K [0x0000000080000000, 0x0000000100000000)
  region size 1024K, 32 young (32768K), 20 survivors (20480K)
 Metaspace       used 121297K, capacity 125674K, committed 125952K, reserved 1159168K
  class space    used 15498K, capacity 16991K, committed 17152K, reserved 1048576K
GC Heap History (20 events):
Event: 5621.695 GC heap before
{Heap before GC invocations=131 (full 0):
 garbage-first heap   total 329728K, used 278611K [0x0000000080000000, 0x0000000100000000)
  region size 1024K, 148 young (151552K), 3 survivors (3072K)
 Metaspace       used 114905K, capacity 118755K, committed 119296K, reserved 1153024K
  class space    used 14794K, capacity 16173K, committed 16640K, reserved 1048576K
}
Event: 5621.697 GC heap after
{Heap after GC invocations=132 (full 0):
 garbage-first heap   total 329728K, used 127451K [0x0000000080000000, 0x0000000100000000)
  region size 1024K, 3 young (3072K), 3 survivors (3072K)
 Metaspace       used 114905K, capacity 118755K, committed 119296K, reserved 1153024K
  class space    used 14794K, capacity 16173K, committed 16640K, reserved 1048576K
}
Event: 5621.770 GC heap before
{Heap before GC invocations=132 (full 0):
 garbage-first heap   total 329728K, used 135643K [0x0000000080000000, 0x0000000100000000)
  region size 1024K, 13 young (13312K), 3 survivors (3072K)
 Metaspace       used 114913K, capacity 118755K, committed 119296K, reserved 1153024K
  class space    used 14794K, capacity 16173K, committed 16640K, reserved 1048576K
}
Event: 5621.773 GC heap after
{Heap after GC invocations=133 (full 0):
 garbage-first heap   total 329728K, used 127827K [0x0000000080000000, 0x0000000100000000)
  region size 1024K, 3 young (3072K), 3 survivors (3072K)
 Metaspace       used 114913K, capacity 118755K, committed 119296K, reserved 1153024K
  class space    used 14794K, capacity 16173K, committed 16640K, reserved 1048576K
}
Event: 5940.854 GC heap before
{Heap before GC invocations=134 (full 0):
 garbage-first heap   total 329728K, used 301907K [0x0000000080000000, 0x0000000100000000)
  region size 1024K, 152 young (155648K), 3 survivors (3072K)
 Metaspace       used 115148K, capacity 119065K, committed 119552K, reserved 1153024K
  class space    used 14800K, capacity 16184K, committed 16640K, reserved 1048576K
}
Event: 5940.865 GC heap after
{Heap after GC invocations=135 (full 0):
 garbage-first heap   total 329728K, used 131148K [0x0000000080000000, 0x0000000100000000)
  region size 1024K, 13 young (13312K), 13 survivors (13312K)
 Metaspace       used 115148K, capacity 119065K, committed 119552K, reserved 1153024K
  class space    used 14800K, capacity 16184K, committed 16640K, reserved 1048576K
}
Event: 5945.836 GC heap before
{Heap before GC invocations=135 (full 0):
 garbage-first heap   total 329728K, used 274508K [0x0000000080000000, 0x0000000100000000)
  region size 1024K, 154 young (157696K), 13 survivors (13312K)
 Metaspace       used 115153K, capacity 119066K, committed 119552K, reserved 1153024K
  class space    used 14800K, capacity 16184K, committed 16640K, reserved 1048576K
}
Event: 5945.843 GC heap after
{Heap after GC invocations=136 (full 0):
 garbage-first heap   total 329728K, used 133066K [0x0000000080000000, 0x0000000100000000)
  region size 1024K, 3 young (3072K), 3 survivors (3072K)
 Metaspace       used 115153K, capacity 119066K, committed 119552K, reserved 1153024K
  class space    used 14800K, capacity 16184K, committed 16640K, reserved 1048576K
}
Event: 5946.088 GC heap before
{Heap before GC invocations=137 (full 0):
 garbage-first heap   total 329728K, used 141258K [0x0000000080000000, 0x0000000100000000)
  region size 1024K, 13 young (13312K), 3 survivors (3072K)
 Metaspace       used 115165K, capacity 119130K, committed 119808K, reserved 1153024K
  class space    used 14800K, capacity 16184K, committed 16640K, reserved 1048576K
}
Event: 5946.091 GC heap after
{Heap after GC invocations=138 (full 0):
 garbage-first heap   total 329728K, used 131339K [0x0000000080000000, 0x0000000100000000)
  region size 1024K, 2 young (2048K), 2 survivors (2048K)
 Metaspace       used 115165K, capacity 119130K, committed 119808K, reserved 1153024K
  class space    used 14800K, capacity 16184K, committed 16640K, reserved 1048576K
}
Event: 5952.385 GC heap before
{Heap before GC invocations=139 (full 0):
 garbage-first heap   total 329728K, used 278795K [0x0000000080000000, 0x0000000100000000)
  region size 1024K, 148 young (151552K), 2 survivors (2048K)
 Metaspace       used 115174K, capacity 119194K, committed 119808K, reserved 1153024K
  class space    used 14800K, capacity 16184K, committed 16640K, reserved 1048576K
}
Event: 5952.387 GC heap after
{Heap after GC invocations=140 (full 0):
 garbage-first heap   total 329728K, used 127757K [0x0000000080000000, 0x0000000100000000)
  region size 1024K, 3 young (3072K), 3 survivors (3072K)
 Metaspace       used 115174K, capacity 119194K, committed 119808K, reserved 1153024K
  class space    used 14800K, capacity 16184K, committed 16640K, reserved 1048576K
}
Event: 5952.410 GC heap before
{Heap before GC invocations=140 (full 0):
 garbage-first heap   total 329728K, used 141069K [0x0000000080000000, 0x0000000100000000)
  region size 1024K, 16 young (16384K), 3 survivors (3072K)
 Metaspace       used 115203K, capacity 119236K, committed 119808K, reserved 1153024K
  class space    used 14804K, capacity 16191K, committed 16640K, reserved 1048576K
}
Event: 5952.440 GC heap after
{Heap after GC invocations=141 (full 0):
 garbage-first heap   total 329728K, used 113022K [0x0000000080000000, 0x0000000100000000)
  region size 1024K, 2 young (2048K), 2 survivors (2048K)
 Metaspace       used 115203K, capacity 119236K, committed 119808K, reserved 1153024K
  class space    used 14804K, capacity 16191K, committed 16640K, reserved 1048576K
}
Event: 5952.745 GC heap before
{Heap before GC invocations=141 (full 0):
 garbage-first heap   total 329728K, used 177534K [0x0000000080000000, 0x0000000100000000)
  region size 1024K, 67 young (68608K), 2 survivors (2048K)
 Metaspace       used 115231K, capacity 119254K, committed 119808K, reserved 1153024K
  class space    used 14806K, capacity 16195K, committed 16640K, reserved 1048576K
}
Event: 5952.751 GC heap after
{Heap after GC invocations=142 (full 0):
 garbage-first heap   total 329728K, used 112580K [0x0000000080000000, 0x0000000100000000)
  region size 1024K, 2 young (2048K), 2 survivors (2048K)
 Metaspace       used 115231K, capacity 119254K, committed 119808K, reserved 1153024K
  class space    used 14806K, capacity 16195K, committed 16640K, reserved 1048576K
}
Event: 6093.278 GC heap before
{Heap before GC invocations=143 (full 0):
 garbage-first heap   total 329728K, used 232388K [0x0000000080000000, 0x0000000100000000)
  region size 1024K, 92 young (94208K), 2 survivors (2048K)
 Metaspace       used 115963K, capacity 120206K, committed 120704K, reserved 1153024K
  class space    used 14903K, capacity 16385K, committed 16768K, reserved 1048576K
}
Event: 6093.289 GC heap after
{Heap after GC invocations=144 (full 0):
 garbage-first heap   total 329728K, used 121622K [0x0000000080000000, 0x0000000100000000)
  region size 1024K, 11 young (11264K), 11 survivors (11264K)
 Metaspace       used 115963K, capacity 120206K, committed 120704K, reserved 1153024K
  class space    used 14903K, capacity 16385K, committed 16768K, reserved 1048576K
}
Event: 6094.908 GC heap before
{Heap before GC invocations=145 (full 0):
 garbage-first heap   total 329728K, used 174870K [0x0000000080000000, 0x0000000100000000)
  region size 1024K, 62 young (63488K), 11 survivors (11264K)
 Metaspace       used 119639K, capacity 123906K, committed 124416K, reserved 1157120K
  class space    used 15321K, capacity 16813K, committed 17152K, reserved 1048576K
}
Event: 6094.930 GC heap after
{Heap after GC invocations=146 (full 0):
 garbage-first heap   total 329728K, used 140668K [0x0000000080000000, 0x0000000100000000)
  region size 1024K, 20 young (20480K), 20 survivors (20480K)
 Metaspace       used 119639K, capacity 123906K, committed 124416K, reserved 1157120K
  class space    used 15321K, capacity 16813K, committed 17152K, reserved 1048576K
}

